
------------------------------------------------------------
Sender: LSF System <lsfadmin@node-13-19>
Subject: Job 23889155: <bwa index data/raw_data/qeAllFusc8.1_refrence/GCA_947179485.1.fasta.gz> in cluster <farm5> Exited

Job <bwa index data/raw_data/qeAllFusc8.1_refrence/GCA_947179485.1.fasta.gz> was submitted from host <farm5-head1> by user <kj11> in cluster <farm5> at Tue May 23 11:52:17 2023
Job was executed on host(s) <node-13-19>, in queue <normal>, as user <kj11> in cluster <farm5> at Tue May 23 11:52:18 2023
</nfs/users/nfs_k/kj11> was used as the home directory.
</lustre/scratch126/tol/teams/jaron/projects/springtails_haploid_selection> was used as the working directory.
Started at Tue May 23 11:52:18 2023
Terminated at Tue May 23 11:52:25 2023
Results reported at Tue May 23 11:52:25 2023

Your job looked like:

------------------------------------------------------------
# LSBATCH: User input
bwa index data/raw_data/qeAllFusc8.1_refrence/GCA_947179485.1.fasta.gz
------------------------------------------------------------

Exited with exit code 1.

Resource usage summary:

    CPU time :                                   4.97 sec.
    Max Memory :                                 272 MB
    Average Memory :                             183.67 MB
    Total Requested Memory :                     10240.00 MB
    Delta Memory :                               9968.00 MB
    Max Swap :                                   -
    Max Processes :                              3
    Max Threads :                                4
    Run time :                                   9 sec.
    Turnaround time :                            8 sec.

The output (if any) is above this job summary.



PS:

Read file <logs/23889155.err> for stderr output of this job.

